<?xml version="1.0" encoding="UTF-8"?>
<!-- Generated by org.testng.reporters.JUnitReportReporter -->
<testsuite hostname="Vladimirs-Mac-mini.local" failures="0" tests="1" name="com.phptravels.AddEmployeeTest" time="103.985" errors="0" timestamp="2023-08-20T11:30:29 PDT" skipped="0">
  <testcase classname="com.phptravels.AddEmployeeTest" name="addEmployeeVerification" time="103.985"/>
  <system-out/>
</testsuite> <!-- com.phptravels.AddEmployeeTest -->
