<?xml version="1.0" encoding="UTF-8"?>
<!-- Generated by org.testng.reporters.JUnitReportReporter -->
<testsuite hostname="Vladimirs-Mac-mini.local" failures="0" tests="1" name="com.phptravels.ReportsTest" time="101.301" errors="0" timestamp="2023-10-01T08:54:10 PDT" skipped="0">
  <testcase classname="com.phptravels.ReportsTest" name="deleteEmployee" time="101.301"/>
  <system-out/>
</testsuite> <!-- com.phptravels.ReportsTest -->
