<?xml version="1.0" encoding="UTF-8"?>
<!-- Generated by org.testng.reporters.JUnitReportReporter -->
<testsuite hostname="Vladimirs-Mac-mini.local" failures="0" tests="1" name="com.phptravels.phptravelSignupTest" time="34.283" errors="0" timestamp="2023-08-20T11:17:28 PDT" skipped="0">
  <testcase classname="com.phptravels.phptravelSignupTest" name="signup" time="34.283"/>
  <system-out/>
</testsuite> <!-- com.phptravels.phptravelSignupTest -->
