<?xml version="1.0" encoding="UTF-8"?>
<!-- Generated by org.testng.reporters.JUnitReportReporter -->
<testsuite hostname="Vladimirs-Mac-mini.local" failures="0" tests="1" name="com.phptravels.AddEmployeeTest" time="79.336" errors="0" timestamp="2023-09-10T21:24:57 PDT" skipped="0">
  <testcase classname="com.phptravels.AddEmployeeTest" name="addEmployeeVerification" time="79.336"/>
  <system-out/>
</testsuite> <!-- com.phptravels.AddEmployeeTest -->
