<?xml version="1.0" encoding="UTF-8"?>
<!-- Generated by org.testng.reporters.JUnitReportReporter -->
<testsuite hostname="Vladimirs-Mac-mini.local" failures="0" tests="1" name="com.phptravels.deleteEmployeeTest" time="87.516" errors="0" timestamp="2023-09-16T15:03:31 PDT" skipped="0">
  <testcase classname="com.phptravels.deleteEmployeeTest" name="deleteEmployee" time="87.516"/>
  <system-out/>
</testsuite> <!-- com.phptravels.deleteEmployeeTest -->
